2024-06-25 03:06:839 INFO  HomePage :30 - Enter username [[ChromeDriver: chrome on windows (3727c34a59c6160b4be07dbfb9a4ba77)] -> xpath: /html[1]/body[1]/div[1]/div[1]/div[1]/div[1]/div[1]/div[2]/div[2]/form[1]/div[1]/div[1]/div[2]/input[1]]
2024-06-25 03:06:962 INFO  HomePage :37 - Enter password [[ChromeDriver: chrome on windows (3727c34a59c6160b4be07dbfb9a4ba77)] -> xpath: /html[1]/body[1]/div[1]/div[1]/div[1]/div[1]/div[1]/div[2]/div[2]/form[1]/div[2]/div[1]/div[2]/input[1]]
2024-06-25 03:06:63 INFO  HomePage :43 - Click On login Button [[ChromeDriver: chrome on windows (3727c34a59c6160b4be07dbfb9a4ba77)] -> xpath: /html[1]/body[1]/div[1]/div[1]/div[1]/div[1]/div[1]/div[2]/div[2]/form[1]/div[3]/button[1]]
2024-06-25 03:06:275 INFO  HomePage :30 - Enter username [[ChromeDriver: chrome on windows (4f5423270c107f808018f69e690f8d14)] -> xpath: /html[1]/body[1]/div[1]/div[1]/div[1]/div[1]/div[1]/div[2]/div[2]/form[1]/div[1]/div[1]/div[2]/input[1]]
2024-06-25 03:06:385 INFO  HomePage :37 - Enter password [[ChromeDriver: chrome on windows (4f5423270c107f808018f69e690f8d14)] -> xpath: /html[1]/body[1]/div[1]/div[1]/div[1]/div[1]/div[1]/div[2]/div[2]/form[1]/div[2]/div[1]/div[2]/input[1]]
2024-06-25 03:06:485 INFO  HomePage :43 - Click On login Button [[ChromeDriver: chrome on windows (4f5423270c107f808018f69e690f8d14)] -> xpath: /html[1]/body[1]/div[1]/div[1]/div[1]/div[1]/div[1]/div[2]/div[2]/form[1]/div[3]/button[1]]
2024-06-25 03:06:726 INFO  DashboardPage :29 - Enter Profile Photo [[ChromeDriver: chrome on windows (4f5423270c107f808018f69e690f8d14)] -> xpath: (//img[@class='oxd-userdropdown-img'])[1]]
2024-06-25 03:06:325 INFO  DashboardPage :33 - Click On logout [[ChromeDriver: chrome on windows (4f5423270c107f808018f69e690f8d14)] -> xpath: (//a[normalize-space()='Logout'])[1]]
2024-06-25 03:06:557 INFO  DashboardPage :37 - Getting loginpanel [[ChromeDriver: chrome on windows (4f5423270c107f808018f69e690f8d14)] -> xpath: (//h5[normalize-space()='Login'])[1]]
2024-06-25 03:06:504 INFO  HomePage :30 - Enter username [[ChromeDriver: chrome on windows (44787f3d9bf43e6d5d1bd81ee3241d89)] -> xpath: /html[1]/body[1]/div[1]/div[1]/div[1]/div[1]/div[1]/div[2]/div[2]/form[1]/div[1]/div[1]/div[2]/input[1]]
2024-06-25 03:06:649 INFO  HomePage :37 - Enter password [[ChromeDriver: chrome on windows (44787f3d9bf43e6d5d1bd81ee3241d89)] -> xpath: /html[1]/body[1]/div[1]/div[1]/div[1]/div[1]/div[1]/div[2]/div[2]/form[1]/div[2]/div[1]/div[2]/input[1]]
2024-06-25 03:06:773 INFO  HomePage :43 - Click On login Button [[ChromeDriver: chrome on windows (44787f3d9bf43e6d5d1bd81ee3241d89)] -> xpath: /html[1]/body[1]/div[1]/div[1]/div[1]/div[1]/div[1]/div[2]/div[2]/form[1]/div[3]/button[1]]
2024-06-25 03:06:361 INFO  HomePage :46 - Getting error message Proxy element for: DefaultElementLocator 'By.xpath: (//span[@class='oxd-text oxd-text--span oxd-input-field-error-message oxd-input-group__message'][normalize-space()='Required'])[1]'
2024-06-25 03:06:507 INFO  HomePage :30 - Enter username [[ChromeDriver: chrome on windows (43a5a927b23a56b59fc48f96fde0484e)] -> xpath: /html[1]/body[1]/div[1]/div[1]/div[1]/div[1]/div[1]/div[2]/div[2]/form[1]/div[1]/div[1]/div[2]/input[1]]
2024-06-25 03:06:626 INFO  HomePage :37 - Enter password [[ChromeDriver: chrome on windows (43a5a927b23a56b59fc48f96fde0484e)] -> xpath: /html[1]/body[1]/div[1]/div[1]/div[1]/div[1]/div[1]/div[2]/div[2]/form[1]/div[2]/div[1]/div[2]/input[1]]
2024-06-25 03:06:727 INFO  HomePage :43 - Click On login Button [[ChromeDriver: chrome on windows (43a5a927b23a56b59fc48f96fde0484e)] -> xpath: /html[1]/body[1]/div[1]/div[1]/div[1]/div[1]/div[1]/div[2]/div[2]/form[1]/div[3]/button[1]]
2024-06-25 03:06:282 INFO  HomePage :46 - Getting error message Proxy element for: DefaultElementLocator 'By.xpath: (//span[@class='oxd-text oxd-text--span oxd-input-field-error-message oxd-input-group__message'][normalize-space()='Required'])[1]'
2024-06-25 03:06:344 INFO  HomePage :30 - Enter username [[ChromeDriver: chrome on windows (5a0785a57c8d838a5f132190ba9e818e)] -> xpath: /html[1]/body[1]/div[1]/div[1]/div[1]/div[1]/div[1]/div[2]/div[2]/form[1]/div[1]/div[1]/div[2]/input[1]]
2024-06-25 03:06:486 INFO  HomePage :37 - Enter password [[ChromeDriver: chrome on windows (5a0785a57c8d838a5f132190ba9e818e)] -> xpath: /html[1]/body[1]/div[1]/div[1]/div[1]/div[1]/div[1]/div[2]/div[2]/form[1]/div[2]/div[1]/div[2]/input[1]]
2024-06-25 03:06:601 INFO  HomePage :43 - Click On login Button [[ChromeDriver: chrome on windows (5a0785a57c8d838a5f132190ba9e818e)] -> xpath: /html[1]/body[1]/div[1]/div[1]/div[1]/div[1]/div[1]/div[2]/div[2]/form[1]/div[3]/button[1]]
2024-06-25 03:06:425 INFO  HomePage :46 - Getting error message Proxy element for: DefaultElementLocator 'By.xpath: (//span[@class='oxd-text oxd-text--span oxd-input-field-error-message oxd-input-group__message'][normalize-space()='Required'])[1]'
2024-06-25 03:06:680 INFO  HomePage :30 - Enter username [[ChromeDriver: chrome on windows (b28227835018e83387bcdc12fdd6c409)] -> xpath: /html[1]/body[1]/div[1]/div[1]/div[1]/div[1]/div[1]/div[2]/div[2]/form[1]/div[1]/div[1]/div[2]/input[1]]
2024-06-25 03:06:811 INFO  HomePage :37 - Enter password [[ChromeDriver: chrome on windows (b28227835018e83387bcdc12fdd6c409)] -> xpath: /html[1]/body[1]/div[1]/div[1]/div[1]/div[1]/div[1]/div[2]/div[2]/form[1]/div[2]/div[1]/div[2]/input[1]]
2024-06-25 03:06:906 INFO  HomePage :43 - Click On login Button [[ChromeDriver: chrome on windows (b28227835018e83387bcdc12fdd6c409)] -> xpath: /html[1]/body[1]/div[1]/div[1]/div[1]/div[1]/div[1]/div[2]/div[2]/form[1]/div[3]/button[1]]
2024-06-25 03:06:508 INFO  HomePage :46 - Getting error message Proxy element for: DefaultElementLocator 'By.xpath: (//span[@class='oxd-text oxd-text--span oxd-input-field-error-message oxd-input-group__message'][normalize-space()='Required'])[1]'
2024-06-25 03:06:599 INFO  HomePage :30 - Enter username [[ChromeDriver: chrome on windows (be60668cab62b1048800255c0fa7ee15)] -> xpath: /html[1]/body[1]/div[1]/div[1]/div[1]/div[1]/div[1]/div[2]/div[2]/form[1]/div[1]/div[1]/div[2]/input[1]]
2024-06-25 03:06:729 INFO  HomePage :37 - Enter password [[ChromeDriver: chrome on windows (be60668cab62b1048800255c0fa7ee15)] -> xpath: /html[1]/body[1]/div[1]/div[1]/div[1]/div[1]/div[1]/div[2]/div[2]/form[1]/div[2]/div[1]/div[2]/input[1]]
2024-06-25 03:06:825 INFO  HomePage :43 - Click On login Button [[ChromeDriver: chrome on windows (be60668cab62b1048800255c0fa7ee15)] -> xpath: /html[1]/body[1]/div[1]/div[1]/div[1]/div[1]/div[1]/div[2]/div[2]/form[1]/div[3]/button[1]]
2024-06-25 03:06:14 INFO  AdminPage :28 - Click on Admin [[ChromeDriver: chrome on windows (be60668cab62b1048800255c0fa7ee15)] -> xpath: /html[1]/body[1]/div[1]/div[1]/div[1]/aside[1]/nav[1]/div[2]/ul[1]/li[1]/a[1]]
2024-06-25 03:06:870 INFO  HomePage :30 - Enter username [[ChromeDriver: chrome on windows (391aebe8b681182dabdea2a2f5473278)] -> xpath: /html[1]/body[1]/div[1]/div[1]/div[1]/div[1]/div[1]/div[2]/div[2]/form[1]/div[1]/div[1]/div[2]/input[1]]
2024-06-25 03:06:988 INFO  HomePage :37 - Enter password [[ChromeDriver: chrome on windows (391aebe8b681182dabdea2a2f5473278)] -> xpath: /html[1]/body[1]/div[1]/div[1]/div[1]/div[1]/div[1]/div[2]/div[2]/form[1]/div[2]/div[1]/div[2]/input[1]]
2024-06-25 03:06:97 INFO  HomePage :43 - Click On login Button [[ChromeDriver: chrome on windows (391aebe8b681182dabdea2a2f5473278)] -> xpath: /html[1]/body[1]/div[1]/div[1]/div[1]/div[1]/div[1]/div[2]/div[2]/form[1]/div[3]/button[1]]
2024-06-25 03:06:286 INFO  AdminPage :28 - Click on Admin [[ChromeDriver: chrome on windows (391aebe8b681182dabdea2a2f5473278)] -> xpath: /html[1]/body[1]/div[1]/div[1]/div[1]/aside[1]/nav[1]/div[2]/ul[1]/li[1]/a[1]]
2024-06-25 03:06:345 INFO  HomePage :30 - Enter username [[ChromeDriver: chrome on windows (aeb27541e009a772fbf4eee4501bc1c2)] -> xpath: /html[1]/body[1]/div[1]/div[1]/div[1]/div[1]/div[1]/div[2]/div[2]/form[1]/div[1]/div[1]/div[2]/input[1]]
2024-06-25 03:06:455 INFO  HomePage :37 - Enter password [[ChromeDriver: chrome on windows (aeb27541e009a772fbf4eee4501bc1c2)] -> xpath: /html[1]/body[1]/div[1]/div[1]/div[1]/div[1]/div[1]/div[2]/div[2]/form[1]/div[2]/div[1]/div[2]/input[1]]
2024-06-25 03:06:554 INFO  HomePage :43 - Click On login Button [[ChromeDriver: chrome on windows (aeb27541e009a772fbf4eee4501bc1c2)] -> xpath: /html[1]/body[1]/div[1]/div[1]/div[1]/div[1]/div[1]/div[2]/div[2]/form[1]/div[3]/button[1]]
2024-06-25 03:06:661 INFO  AdminPage :28 - Click on Admin [[ChromeDriver: chrome on windows (aeb27541e009a772fbf4eee4501bc1c2)] -> xpath: /html[1]/body[1]/div[1]/div[1]/div[1]/aside[1]/nav[1]/div[2]/ul[1]/li[1]/a[1]]
2024-06-25 03:06:452 INFO  HomePage :30 - Enter username [[ChromeDriver: chrome on windows (2ed148d257c3b0fa2dd787785b7951e7)] -> xpath: /html[1]/body[1]/div[1]/div[1]/div[1]/div[1]/div[1]/div[2]/div[2]/form[1]/div[1]/div[1]/div[2]/input[1]]
2024-06-25 03:06:569 INFO  HomePage :37 - Enter password [[ChromeDriver: chrome on windows (2ed148d257c3b0fa2dd787785b7951e7)] -> xpath: /html[1]/body[1]/div[1]/div[1]/div[1]/div[1]/div[1]/div[2]/div[2]/form[1]/div[2]/div[1]/div[2]/input[1]]
2024-06-25 03:06:668 INFO  HomePage :43 - Click On login Button [[ChromeDriver: chrome on windows (2ed148d257c3b0fa2dd787785b7951e7)] -> xpath: /html[1]/body[1]/div[1]/div[1]/div[1]/div[1]/div[1]/div[2]/div[2]/form[1]/div[3]/button[1]]
2024-06-25 03:06:860 INFO  AdminPage :28 - Click on Admin [[ChromeDriver: chrome on windows (2ed148d257c3b0fa2dd787785b7951e7)] -> xpath: /html[1]/body[1]/div[1]/div[1]/div[1]/aside[1]/nav[1]/div[2]/ul[1]/li[1]/a[1]]
2024-06-25 03:06:854 INFO  HomePage :30 - Enter username [[ChromeDriver: chrome on windows (00c7cc13bfdd8111843701012dd88b83)] -> xpath: /html[1]/body[1]/div[1]/div[1]/div[1]/div[1]/div[1]/div[2]/div[2]/form[1]/div[1]/div[1]/div[2]/input[1]]
2024-06-25 03:06:942 INFO  HomePage :37 - Enter password [[ChromeDriver: chrome on windows (00c7cc13bfdd8111843701012dd88b83)] -> xpath: /html[1]/body[1]/div[1]/div[1]/div[1]/div[1]/div[1]/div[2]/div[2]/form[1]/div[2]/div[1]/div[2]/input[1]]
2024-06-25 03:06:65 INFO  HomePage :43 - Click On login Button [[ChromeDriver: chrome on windows (00c7cc13bfdd8111843701012dd88b83)] -> xpath: /html[1]/body[1]/div[1]/div[1]/div[1]/div[1]/div[1]/div[2]/div[2]/form[1]/div[3]/button[1]]
2024-06-25 03:06:383 INFO  AdminPage :28 - Click on Admin [[ChromeDriver: chrome on windows (00c7cc13bfdd8111843701012dd88b83)] -> xpath: /html[1]/body[1]/div[1]/div[1]/div[1]/aside[1]/nav[1]/div[2]/ul[1]/li[1]/a[1]]
2024-06-25 03:06:916 INFO  HomePage :30 - Enter username [[ChromeDriver: chrome on windows (22b6a8e2cf573cd702d651d7eff01a23)] -> xpath: /html[1]/body[1]/div[1]/div[1]/div[1]/div[1]/div[1]/div[2]/div[2]/form[1]/div[1]/div[1]/div[2]/input[1]]
2024-06-25 03:06:34 INFO  HomePage :37 - Enter password [[ChromeDriver: chrome on windows (22b6a8e2cf573cd702d651d7eff01a23)] -> xpath: /html[1]/body[1]/div[1]/div[1]/div[1]/div[1]/div[1]/div[2]/div[2]/form[1]/div[2]/div[1]/div[2]/input[1]]
2024-06-25 03:06:133 INFO  HomePage :43 - Click On login Button [[ChromeDriver: chrome on windows (22b6a8e2cf573cd702d651d7eff01a23)] -> xpath: /html[1]/body[1]/div[1]/div[1]/div[1]/div[1]/div[1]/div[2]/div[2]/form[1]/div[3]/button[1]]
2024-06-25 03:06:287 INFO  AdminPage :28 - Click on Admin [[ChromeDriver: chrome on windows (22b6a8e2cf573cd702d651d7eff01a23)] -> xpath: /html[1]/body[1]/div[1]/div[1]/div[1]/aside[1]/nav[1]/div[2]/ul[1]/li[1]/a[1]]
